#
# There is insufficient memory for the Java Runtime Environment to continue.
# Native memory allocation (mmap) failed to map 266338304 bytes for G1 virtual space
# Possible reasons:
#   The system is out of physical RAM or swap space
#   The process is running with CompressedOops enabled, and the Java Heap may be blocking the growth of the native heap
# Possible solutions:
#   Reduce memory load on the system
#   Increase physical memory or swap space
#   Check if swap backing store is full
#   Decrease Java heap size (-Xmx/-Xms)
#   Decrease number of Java threads
#   Decrease Java thread stack sizes (-Xss)
#   Set larger code cache with -XX:ReservedCodeCacheSize=
#   JVM is running with Zero Based Compressed Oops mode in which the Java heap is
#     placed in the first 32GB address space. The Java Heap base address is the
#     maximum limit for the native heap growth. Please use -XX:HeapBaseMinAddress
#     to set the Java Heap base and to place the Java Heap above 32GB virtual address.
# This output file may be truncated or incomplete.
#
#  Out of Memory Error (os_windows.cpp:3551), pid=28836, tid=5964
#
# JRE version:  (17.0.17+8) (build )
# Java VM: Java HotSpot(TM) 64-Bit Server VM (17.0.17+8-LTS-360, mixed mode, sharing, tiered, compressed oops, compressed class ptrs, g1 gc, windows-amd64)
# No core dump will be written. Minidumps are not enabled by default on client versions of Windows
#

---------------  S U M M A R Y ------------

Command Line: --enable-native-access=ALL-UNNAMED 

Host: 11th Gen Intel(R) Core(TM) i5-11300H @ 3.10GHz, 8 cores, 15G,  Windows 11 , 64 bit Build 26100 (10.0.26100.8328)
Time: Mon Jun  8 19:36:55 2026  Windows 11 , 64 bit Build 26100 (10.0.26100.8328) elapsed time: 0.297661 seconds (0d 0h 0m 0s)

---------------  T H R E A D  ---------------

Current thread (0x000001d32fa25960):  JavaThread "Unknown thread" [_thread_in_vm, id=5964, stack(0x0000003e99c00000,0x0000003e99d00000)]

Stack: [0x0000003e99c00000,0x0000003e99d00000]
Native frames: (J=compiled Java code, j=interpreted, Vv=VM code, C=native code)
V  [jvm.dll+0x67a0ea]
V  [jvm.dll+0x7da56d]
V  [jvm.dll+0x7dbeb3]
V  [jvm.dll+0x7dc523]
V  [jvm.dll+0x2453af]
V  [jvm.dll+0x677119]
V  [jvm.dll+0x66bda2]
V  [jvm.dll+0x3022a6]
V  [jvm.dll+0x309846]
V  [jvm.dll+0x35a25e]
V  [jvm.dll+0x35a48f]
V  [jvm.dll+0x2d9378]
V  [jvm.dll+0x2da2e4]
V  [jvm.dll+0x7acd41]
V  [jvm.dll+0x367ac1]
V  [jvm.dll+0x78bcf9]
V  [jvm.dll+0x3ed10e]
V  [jvm.dll+0x3eed41]
C  [jli.dll+0x5297]
C  [ucrtbase.dll+0x37b0]
C  [KERNEL32.DLL+0x2e957]
C  [ntdll.dll+0x427c]


---------------  P R O C E S S  ---------------

Threads class SMR info:
_java_thread_list=0x00007ff8b9b17a18, length=0, elements={
}

Java Threads: ( => current thread )

Other Threads:
  0x000001d32f6a7470 GCTaskThread "GC Thread#0" [stack: 0x0000003e9a200000,0x0000003e9a300000] [id=5140]
  0x000001d32f6b9ad0 ConcurrentGCThread "G1 Main Marker" [stack: 0x0000003e9a300000,0x0000003e9a400000] [id=35184]
  0x000001d32f6bed20 ConcurrentGCThread "G1 Conc#0" [stack: 0x0000003e9a400000,0x0000003e9a500000] [id=2196]

[error occurred during error reporting (printing all threads), id 0xc0000005, EXCEPTION_ACCESS_VIOLATION (0xc0000005) at pc=0x00007ff8b9349e67]

VM state: not at safepoint (not fully initialized)

VM Mutex/Monitor currently owned by a thread:  ([mutex/lock_event])
[0x000001d32fa14bf0] Heap_lock - owner thread: 0x000001d32fa25960

Heap address: 0x0000000703600000, size: 4042 MB, Compressed Oops mode: Zero based, Oop shift amount: 3

CDS archive(s) mapped at: [0x0000000000000000-0x0000000000000000-0x0000000000000000), size 0, SharedBaseAddress: 0x0000000800000000, ArchiveRelocationMode: 1.
Narrow klass base: 0x0000000000000000, Narrow klass shift: 0, Narrow klass range: 0x0

GC Precious Log:
<Empty>

Heap:
 garbage-first heap   total 0K, used 0K [0x0000000703600000, 0x0000000800000000)
  region size 2048K, 0 young (0K), 0 survivors (0K)

[error occurred during error reporting (printing heap information), id 0xc0000005, EXCEPTION_ACCESS_VIOLATION (0xc0000005) at pc=0x00007ff8b9733949]

GC Heap History (0 events):
No events

Deoptimization events (0 events):
No events

Classes unloaded (0 events):
No events

Classes redefined (0 events):
No events

Internal exceptions (0 events):
No events

VM Operations (0 events):
No events

Events (1 events):
Event: 0.281 Loaded shared library D:\Software\Java\jdk-17\bin\java.dll


Dynamic libraries:
0x00007ff7f5bb0000 - 0x00007ff7f5bc0000 	D:\Software\Java\jdk-17\bin\java.exe
0x00007ff987a00000 - 0x00007ff987c67000 	C:\WINDOWS\SYSTEM32\ntdll.dll
0x00007ff986760000 - 0x00007ff986829000 	C:\WINDOWS\System32\KERNEL32.DLL
0x00007ff9844c0000 - 0x00007ff9848b7000 	C:\WINDOWS\System32\KERNELBASE.dll
0x00007ff931cd0000 - 0x00007ff931d7f000 	d:\Software\Trae CN\resources\app\modules\sandbox\x64\trae_sbox.dll
0x00007ff986040000 - 0x00007ff9860f6000 	C:\WINDOWS\System32\ADVAPI32.dll
0x00007ff986590000 - 0x00007ff986639000 	C:\WINDOWS\System32\msvcrt.dll
0x00007ff987910000 - 0x00007ff9879b7000 	C:\WINDOWS\System32\sechost.dll
0x00007ff986d10000 - 0x00007ff986e28000 	C:\WINDOWS\System32\RPCRT4.dll
0x00007ff9849f0000 - 0x00007ff984b3b000 	C:\WINDOWS\System32\ucrtbase.dll
0x00007ff977ec0000 - 0x00007ff977edb000 	D:\Software\Java\jdk-17\bin\VCRUNTIME140.dll
0x00007ff97f3a0000 - 0x00007ff97f3b9000 	D:\Software\Java\jdk-17\bin\jli.dll
0x00007ff96d080000 - 0x00007ff96d312000 	C:\WINDOWS\WinSxS\amd64_microsoft.windows.common-controls_6595b64144ccf1df_6.0.26100.8457_none_3e0b2faee331e92d\COMCTL32.dll
0x00007ff987840000 - 0x00007ff98786b000 	C:\WINDOWS\System32\GDI32.dll
0x00007ff984bf0000 - 0x00007ff984c17000 	C:\WINDOWS\System32\win32u.dll
0x00007ff9848c0000 - 0x00007ff9849ec000 	C:\WINDOWS\System32\gdi32full.dll
0x00007ff985780000 - 0x00007ff985946000 	C:\WINDOWS\System32\USER32.dll
0x00007ff9856d0000 - 0x00007ff985773000 	C:\WINDOWS\System32\msvcp_win.dll
0x00007ff975210000 - 0x00007ff97521b000 	C:\WINDOWS\SYSTEM32\VERSION.dll
0x00007ff9389c0000 - 0x00007ff938a50000 	d:\Software\Trae CN\resources\app\modules\sandbox\x64\sbox_ipc.dll
0x00007ff986b80000 - 0x00007ff986bb2000 	C:\WINDOWS\System32\IMM32.DLL
0x00007ff97fe40000 - 0x00007ff97fe4c000 	D:\Software\Java\jdk-17\bin\vcruntime140_1.dll
0x00007ff9763c0000 - 0x00007ff976602000 	C:\WINDOWS\SYSTEM32\dbghelp.dll
0x00007ff985950000 - 0x00007ff985cd3000 	C:\WINDOWS\System32\combase.dll
0x00007ff986aa0000 - 0x00007ff986b79000 	C:\WINDOWS\System32\OLEAUT32.dll
0x00007ff947db0000 - 0x00007ff947e3e000 	D:\Software\Java\jdk-17\bin\msvcp140.dll
0x00007ff8b9060000 - 0x00007ff8b9c40000 	D:\Software\Java\jdk-17\bin\server\jvm.dll
0x00007ff986a90000 - 0x00007ff986a98000 	C:\WINDOWS\System32\PSAPI.DLL
0x00007ff972b90000 - 0x00007ff972b9a000 	C:\WINDOWS\SYSTEM32\WSOCK32.dll
0x00007ff986bc0000 - 0x00007ff986c40000 	C:\WINDOWS\System32\WS2_32.dll
0x00007ff96e800000 - 0x00007ff96e836000 	C:\WINDOWS\SYSTEM32\WINMM.dll
0x00007ff96de10000 - 0x00007ff96de4b000 	C:\WINDOWS\SYSTEM32\dbgcore.DLL
0x00007ff9831c0000 - 0x00007ff9831db000 	C:\WINDOWS\SYSTEM32\kernel.appcore.dll
0x00007ff97f520000 - 0x00007ff97f52a000 	D:\Software\Java\jdk-17\bin\jimage.dll
0x00007ff984b40000 - 0x00007ff984be8000 	C:\WINDOWS\System32\bcryptPrimitives.dll
0x00007ff982d40000 - 0x00007ff982e72000 	C:\WINDOWS\SYSTEM32\dnsapi.dll
0x00007ff982d00000 - 0x00007ff982d32000 	C:\WINDOWS\SYSTEM32\IPHLPAPI.DLL
0x00007ff986a80000 - 0x00007ff986a8a000 	C:\WINDOWS\System32\NSI.dll
0x00007ff986e30000 - 0x00007ff98759e000 	C:\WINDOWS\System32\Shell32.dll
0x00007ff984ce0000 - 0x00007ff98554c000 	C:\WINDOWS\System32\windows.storage.dll
0x00007ff985ce0000 - 0x00007ff985dd6000 	C:\WINDOWS\System32\shcore.dll
0x00007ff981e90000 - 0x00007ff981f3a000 	C:\WINDOWS\system32\uxtheme.dll
0x00007ff9878a0000 - 0x00007ff987906000 	C:\WINDOWS\System32\shlwapi.dll
0x00007ff986c50000 - 0x00007ff986cfe000 	C:\WINDOWS\System32\clbcatq.dll
0x00007ff976730000 - 0x00007ff976d84000 	C:\Windows\System32\OneCoreUAPCommonProxyStub.dll
0x00007ff987640000 - 0x00007ff9877d7000 	C:\WINDOWS\System32\ole32.dll
0x00007ff984010000 - 0x00007ff984061000 	C:\WINDOWS\SYSTEM32\CFGMGR32.dll
0x00007ff97fb50000 - 0x00007ff97fc56000 	C:\WINDOWS\system32\propsys.dll
0x00007ff962480000 - 0x00007ff96265d000 	C:\Windows\System32\urlmon.dll
0x00007ff96f110000 - 0x00007ff96f3d4000 	C:\Windows\System32\iertutil.dll
0x00007ff9724c0000 - 0x00007ff9724e9000 	C:\Windows\System32\srvcli.dll
0x00007ff982a30000 - 0x00007ff982a3d000 	C:\Windows\System32\netutils.dll
0x00007ff959870000 - 0x00007ff9599e8000 	C:\Windows\System32\Windows.System.Launcher.dll
0x00007ff96f0c0000 - 0x00007ff96f0dd000 	C:\WINDOWS\SYSTEM32\windows.staterepositorycore.dll
0x00007ff97ef30000 - 0x00007ff97f09a000 	C:\Windows\System32\wintypes.dll
0x00007ff94cae0000 - 0x00007ff94cba4000 	C:\Windows\System32\Windows.StateRepositoryPS.dll
0x00007ff9832e0000 - 0x00007ff983316000 	C:\WINDOWS\SYSTEM32\ntmarta.dll
0x00007ff983460000 - 0x00007ff9834a9000 	C:\Windows\System32\SspiCli.dll
0x00007ff9228a0000 - 0x00007ff922960000 	C:\Windows\System32\Windows.FileExplorer.Common.dll
0x00007ff984320000 - 0x00007ff98434a000 	C:\WINDOWS\SYSTEM32\bcrypt.dll
0x00007ff984350000 - 0x00007ff984379000 	C:\WINDOWS\SYSTEM32\profapi.dll
0x00007ff977830000 - 0x00007ff977855000 	D:\Software\Java\jdk-17\bin\java.dll

dbghelp: loaded successfully - version: 4.0.5 - missing functions: none
symbol engine: initialized successfully - sym options: 0x614 - pdb path: .;D:\Software\Java\jdk-17\bin;C:\WINDOWS\SYSTEM32;d:\Software\Trae CN\resources\app\modules\sandbox\x64;C:\WINDOWS\WinSxS\amd64_microsoft.windows.common-controls_6595b64144ccf1df_6.0.26100.8457_none_3e0b2faee331e92d;D:\Software\Java\jdk-17\bin\server

VM Arguments:
jvm_args: --enable-native-access=ALL-UNNAMED 
java_command: <unknown>
java_class_path (initial): <not set>
Launcher Type: SUN_STANDARD

[Global flags]
     intx CICompilerCount                          = 4                                         {product} {ergonomic}
     uint ConcGCThreads                            = 2                                         {product} {ergonomic}
     uint G1ConcRefinementThreads                  = 8                                         {product} {ergonomic}
   size_t G1HeapRegionSize                         = 2097152                                   {product} {ergonomic}
    uintx GCDrainStackTargetSize                   = 64                                        {product} {ergonomic}
   size_t InitialHeapSize                          = 266338304                                 {product} {ergonomic}
   size_t MarkStackSize                            = 4194304                                   {product} {ergonomic}
   size_t MaxHeapSize                              = 4238344192                                {product} {ergonomic}
   size_t MinHeapDeltaBytes                        = 2097152                                   {product} {ergonomic}
   size_t MinHeapSize                              = 8388608                                   {product} {ergonomic}
    uintx NonNMethodCodeHeapSize                   = 5839372                                {pd product} {ergonomic}
    uintx NonProfiledCodeHeapSize                  = 122909434                              {pd product} {ergonomic}
    uintx ProfiledCodeHeapSize                     = 122909434                              {pd product} {ergonomic}
    uintx ReservedCodeCacheSize                    = 251658240                              {pd product} {ergonomic}
     bool SegmentedCodeCache                       = true                                      {product} {ergonomic}
   size_t SoftMaxHeapSize                          = 4238344192                             {manageable} {ergonomic}
     bool UseCompressedClassPointers               = true                           {product lp64_product} {ergonomic}
     bool UseCompressedOops                        = true                           {product lp64_product} {ergonomic}
     bool UseG1GC                                  = true                                      {product} {ergonomic}
     bool UseLargePagesIndividualAllocation        = false                                  {pd product} {ergonomic}

Logging:
Log output configuration:
 #0: stdout all=warning uptime,level,tags
 #1: stderr all=off uptime,level,tags

Environment Variables:
JAVA_HOME=D:\\Software\\Java\\jdk-17
PATH=D:\\Software\\Java\\jdk-17\\bin;C:\\Users\\guoli\\.trae-cn\\tools\\maven\\latest\\bin;C:\\Users\\guoli\\.trae-cn\\tools\\gradle\\latest\\bin;c:\\Users\\guoli\\.trae-cn\\tools\\trae-gopls\\current;c:\\Users\\guoli\\.trae-cn\\sdks\\workspaces\\80da71ef\\versions\\node\\current;c:\\Users\\guoli\\.trae-cn\\sdks\\versions\\node\\current;D:\Software\Java\jdk-17\bin;C:\Users\guoli\.trae-cn\tools\maven\latest\bin;C:\Users\guoli\.trae-cn\tools\gradle\latest\bin;c:\Users\guoli\.trae-cn\tools\trae-gopls\current;c:\Users\guoli\.trae-cn\sdks\workspaces\80da71ef\versions\node\current;c:\Users\guoli\.trae-cn\sdks\versions\node\current;C:\Program Files\Common Files\Oracle\Java\javapath;C:\Program Files (x86)\Common Files\Oracle\Java\javapath;C:\Windows\System32\HWAudioDriverLibs;C:\Windows\system32;C:\Windows;C:\Windows\System32\Wbem;C:\Windows\System32\WindowsPowerShell\v1.0\;C:\Windows\System32\OpenSSH\;C:\Users\Administrator\AppData\Local\Microsoft\WindowsApps;D:\Software\Git\cmd;D:\Software\apache-maven-3.6.1\bin;D:\Software\nvm;D:\Software\nodejs;D:\Software\npm_global;D:\Software\yarn_global\bin;C:\WINDOWS\system32;C:\WINDOWS;C:\WINDOWS\System32\Wbem;C:\WINDOWS\System32\WindowsPowerShell\v1.0\;C:\WINDOWS\System32\OpenSSH\;D:\Software\Java\jdk-17\bin;C:\Program Files\Cloudflare\Cloudflare WARP\;D:\Software\Xshell\;D:\Software\Xftp\;C:\Program Files\Docker\Docker\resources\bin;C:\Users\guoli\AppData\Local\Microsoft\WindowsApps;D:\Software\nvm;D:\Software\nodejs;D:\Software\Kiro\bin;c:\Users\guoli\.trae-cn\extensions\vscjava.vscode-java-debug-0.59.0-universal\bundled\scripts\noConfigScripts;d:\Software\Trae CN\resources\app\node_modules\@vscode\ripgrep\bin
USERNAME=guoli
LANG=zh_CN.UTF-8
OS=Windows_NT
PROCESSOR_IDENTIFIER=Intel64 Family 6 Model 140 Stepping 1, GenuineIntel



---------------  S Y S T E M  ---------------

OS:
 Windows 11 , 64 bit Build 26100 (10.0.26100.8328)
OS uptime: 1 days 19:28 hours
Hyper-V role detected

CPU: total 8 (initial active 8) (4 cores per cpu, 2 threads per core) family 6 model 140 stepping 1 microcode 0x9a, cx8, cmov, fxsr, ht, mmx, 3dnowpref, sse, sse2, sse3, ssse3, sse4.1, sse4.2, popcnt, lzcnt, tsc, tscinvbit, avx, avx2, aes, erms, clmul, bmi1, bmi2, adx, avx512f, avx512dq, avx512cd, avx512bw, avx512vl, sha, fma, vzeroupper, avx512_vpopcntdq, avx512_vpclmulqdq, avx512_vaes, avx512_vnni, clflush, clflushopt, clwb, avx512_vbmi2, avx512_vbmi, hv

Memory: 4k page, system-wide physical 16167M (842M free)
TotalPageFile size 36583M (AvailPageFile size 132M)
current process WorkingSet (physical memory assigned to process): 31M, peak: 31M
current process commit charge ("private bytes"): 63M, peak: 316M

vm_info: Java HotSpot(TM) 64-Bit Server VM (17.0.17+8-LTS-360) for windows-amd64 JRE (17.0.17+8-LTS-360), built on Sep 27 2025 05:17:01 by "mach5run" with MS VC++ 17.6 (VS2022)

END.
